D, [2015-10-26T08:17:37.166606 #9825] DEBUG -- :   [1m[36m (1.6ms)[0m  [1mCREATE TABLE "schema_migrations" ("version" varchar NOT NULL) [0m
D, [2015-10-26T08:17:37.167098 #9825] DEBUG -- :   [1m[35m (0.1ms)[0m  select sqlite_version(*)
D, [2015-10-26T08:17:37.168932 #9825] DEBUG -- :   [1m[36m (1.2ms)[0m  [1mCREATE UNIQUE INDEX "unique_schema_migrations" ON "schema_migrations" ("version")[0m
D, [2015-10-26T08:17:37.170003 #9825] DEBUG -- :   [1m[35mActiveRecord::SchemaMigration Load (0.1ms)[0m  SELECT "schema_migrations".* FROM "schema_migrations"
I, [2015-10-26T08:17:37.184881 #9825]  INFO -- : Migrating to CreateGroups (20151015045015)
D, [2015-10-26T08:17:37.185646 #9825] DEBUG -- :   [1m[36m (0.1ms)[0m  [1mbegin transaction[0m
D, [2015-10-26T08:17:37.187437 #9825] DEBUG -- :   [1m[35m (0.5ms)[0m  CREATE TABLE "groups" ("id" INTEGER PRIMARY KEY AUTOINCREMENT NOT NULL, "title" varchar, "description" text, "created_at" datetime NOT NULL, "updated_at" datetime NOT NULL) 
D, [2015-10-26T08:17:37.195661 #9825] DEBUG -- :   [1m[36mSQL (0.2ms)[0m  [1mINSERT INTO "schema_migrations" ("version") VALUES (?)[0m  [["version", "20151015045015"]]
D, [2015-10-26T08:17:37.197322 #9825] DEBUG -- :   [1m[35m (1.3ms)[0m  commit transaction
I, [2015-10-26T08:17:37.197402 #9825]  INFO -- : Migrating to CreatePosts (20151015084814)
D, [2015-10-26T08:17:37.197916 #9825] DEBUG -- :   [1m[36m (0.1ms)[0m  [1mbegin transaction[0m
D, [2015-10-26T08:17:37.198934 #9825] DEBUG -- :   [1m[35m (0.3ms)[0m  CREATE TABLE "posts" ("id" INTEGER PRIMARY KEY AUTOINCREMENT NOT NULL, "content" text, "group_id" integer, "created_at" datetime NOT NULL, "updated_at" datetime NOT NULL) 
D, [2015-10-26T08:17:37.200076 #9825] DEBUG -- :   [1m[36mSQL (0.1ms)[0m  [1mINSERT INTO "schema_migrations" ("version") VALUES (?)[0m  [["version", "20151015084814"]]
D, [2015-10-26T08:17:37.201435 #9825] DEBUG -- :   [1m[35m (1.2ms)[0m  commit transaction
I, [2015-10-26T08:17:37.201501 #9825]  INFO -- : Migrating to DeviseCreateUsers (20151018120235)
D, [2015-10-26T08:17:37.202096 #9825] DEBUG -- :   [1m[36m (0.1ms)[0m  [1mbegin transaction[0m
D, [2015-10-26T08:17:37.203328 #9825] DEBUG -- :   [1m[35m (0.3ms)[0m  CREATE TABLE "users" ("id" INTEGER PRIMARY KEY AUTOINCREMENT NOT NULL, "email" varchar DEFAULT '' NOT NULL, "encrypted_password" varchar DEFAULT '' NOT NULL, "reset_password_token" varchar, "reset_password_sent_at" datetime, "remember_created_at" datetime, "sign_in_count" integer DEFAULT 0 NOT NULL, "current_sign_in_at" datetime, "last_sign_in_at" datetime, "current_sign_in_ip" varchar, "last_sign_in_ip" varchar, "created_at" datetime NOT NULL, "updated_at" datetime NOT NULL) 
D, [2015-10-26T08:17:37.204169 #9825] DEBUG -- :   [1m[36m (0.2ms)[0m  [1mCREATE UNIQUE INDEX "index_users_on_email" ON "users" ("email")[0m
D, [2015-10-26T08:17:37.204806 #9825] DEBUG -- :   [1m[35m (0.1ms)[0m              SELECT sql
            FROM sqlite_master
            WHERE name='index_users_on_email' AND type='index'
            UNION ALL
            SELECT sql
            FROM sqlite_temp_master
            WHERE name='index_users_on_email' AND type='index'

D, [2015-10-26T08:17:37.205263 #9825] DEBUG -- :   [1m[36m (0.2ms)[0m  [1mCREATE UNIQUE INDEX "index_users_on_reset_password_token" ON "users" ("reset_password_token")[0m
D, [2015-10-26T08:17:37.206336 #9825] DEBUG -- :   [1m[35mSQL (0.1ms)[0m  INSERT INTO "schema_migrations" ("version") VALUES (?)  [["version", "20151018120235"]]
D, [2015-10-26T08:17:37.207748 #9825] DEBUG -- :   [1m[36m (1.2ms)[0m  [1mcommit transaction[0m
I, [2015-10-26T08:17:37.207814 #9825]  INFO -- : Migrating to AddNameToUser (20151018122437)
D, [2015-10-26T08:17:37.208293 #9825] DEBUG -- :   [1m[35m (0.1ms)[0m  begin transaction
D, [2015-10-26T08:17:37.209037 #9825] DEBUG -- :   [1m[36m (0.3ms)[0m  [1mALTER TABLE "users" ADD "name" varchar[0m
D, [2015-10-26T08:17:37.210013 #9825] DEBUG -- :   [1m[35mSQL (0.1ms)[0m  INSERT INTO "schema_migrations" ("version") VALUES (?)  [["version", "20151018122437"]]
D, [2015-10-26T08:17:37.211778 #9825] DEBUG -- :   [1m[36m (1.5ms)[0m  [1mcommit transaction[0m
I, [2015-10-26T08:17:37.211898 #9825]  INFO -- : Migrating to AddUserIdToGroup (20151018130326)
D, [2015-10-26T08:17:37.212477 #9825] DEBUG -- :   [1m[35m (0.1ms)[0m  begin transaction
D, [2015-10-26T08:17:37.213288 #9825] DEBUG -- :   [1m[36m (0.3ms)[0m  [1mALTER TABLE "groups" ADD "user_id" integer[0m
D, [2015-10-26T08:17:37.214467 #9825] DEBUG -- :   [1m[35mSQL (0.2ms)[0m  INSERT INTO "schema_migrations" ("version") VALUES (?)  [["version", "20151018130326"]]
D, [2015-10-26T08:17:37.215764 #9825] DEBUG -- :   [1m[36m (1.1ms)[0m  [1mcommit transaction[0m
I, [2015-10-26T08:17:37.215823 #9825]  INFO -- : Migrating to AddUserIdToPost (20151018133436)
D, [2015-10-26T08:17:37.216199 #9825] DEBUG -- :   [1m[35m (0.1ms)[0m  begin transaction
D, [2015-10-26T08:17:37.216820 #9825] DEBUG -- :   [1m[36m (0.3ms)[0m  [1mALTER TABLE "posts" ADD "user_id" integer[0m
D, [2015-10-26T08:17:37.217618 #9825] DEBUG -- :   [1m[35mSQL (0.1ms)[0m  INSERT INTO "schema_migrations" ("version") VALUES (?)  [["version", "20151018133436"]]
D, [2015-10-26T08:17:37.218703 #9825] DEBUG -- :   [1m[36m (0.9ms)[0m  [1mcommit transaction[0m
I, [2015-10-26T08:17:37.218761 #9825]  INFO -- : Migrating to CreateGroupUsers (20151018134247)
D, [2015-10-26T08:17:37.219156 #9825] DEBUG -- :   [1m[35m (0.1ms)[0m  begin transaction
D, [2015-10-26T08:17:37.219936 #9825] DEBUG -- :   [1m[36m (0.2ms)[0m  [1mCREATE TABLE "group_users" ("id" INTEGER PRIMARY KEY AUTOINCREMENT NOT NULL, "group_id" integer, "user_id" integer, "created_at" datetime NOT NULL, "updated_at" datetime NOT NULL) [0m
D, [2015-10-26T08:17:37.220765 #9825] DEBUG -- :   [1m[35mSQL (0.1ms)[0m  INSERT INTO "schema_migrations" ("version") VALUES (?)  [["version", "20151018134247"]]
D, [2015-10-26T08:17:37.221847 #9825] DEBUG -- :   [1m[36m (0.9ms)[0m  [1mcommit transaction[0m
I, [2015-10-26T08:17:37.221907 #9825]  INFO -- : Migrating to AddPostsCountToGroup (20151019045141)
D, [2015-10-26T08:17:37.222349 #9825] DEBUG -- :   [1m[35m (0.1ms)[0m  begin transaction
D, [2015-10-26T08:17:37.223046 #9825] DEBUG -- :   [1m[36m (0.3ms)[0m  [1mALTER TABLE "groups" ADD "posts_count" integer DEFAULT 0[0m
D, [2015-10-26T08:17:37.223937 #9825] DEBUG -- :   [1m[35mSQL (0.1ms)[0m  INSERT INTO "schema_migrations" ("version") VALUES (?)  [["version", "20151019045141"]]
D, [2015-10-26T08:17:37.225285 #9825] DEBUG -- :   [1m[36m (1.2ms)[0m  [1mcommit transaction[0m
I, [2015-10-26T08:17:37.225350 #9825]  INFO -- : Migrating to CreateBlogs (20151022131231)
D, [2015-10-26T08:17:37.225802 #9825] DEBUG -- :   [1m[35m (0.1ms)[0m  begin transaction
D, [2015-10-26T08:17:37.226575 #9825] DEBUG -- :   [1m[36m (0.3ms)[0m  [1mCREATE TABLE "blogs" ("id" INTEGER PRIMARY KEY AUTOINCREMENT NOT NULL, "title" varchar, "content" text, "categroies" varchar, "created_at" datetime NOT NULL, "updated_at" datetime NOT NULL) [0m
D, [2015-10-26T08:17:37.227425 #9825] DEBUG -- :   [1m[35mSQL (0.1ms)[0m  INSERT INTO "schema_migrations" ("version") VALUES (?)  [["version", "20151022131231"]]
D, [2015-10-26T08:17:37.228713 #9825] DEBUG -- :   [1m[36m (1.1ms)[0m  [1mcommit transaction[0m
I, [2015-10-26T08:17:37.228778 #9825]  INFO -- : Migrating to CreateComments (20151022142205)
D, [2015-10-26T08:17:37.229169 #9825] DEBUG -- :   [1m[35m (0.1ms)[0m  begin transaction
D, [2015-10-26T08:17:37.229909 #9825] DEBUG -- :   [1m[36m (0.3ms)[0m  [1mCREATE TABLE "comments" ("id" INTEGER PRIMARY KEY AUTOINCREMENT NOT NULL, "content" text, "blog_id" integer, "created_at" datetime NOT NULL, "updated_at" datetime NOT NULL) [0m
D, [2015-10-26T08:17:37.230723 #9825] DEBUG -- :   [1m[35mSQL (0.1ms)[0m  INSERT INTO "schema_migrations" ("version") VALUES (?)  [["version", "20151022142205"]]
D, [2015-10-26T08:17:37.232257 #9825] DEBUG -- :   [1m[36m (1.3ms)[0m  [1mcommit transaction[0m
I, [2015-10-26T08:17:37.232380 #9825]  INFO -- : Migrating to AddUserIdToBlog (20151023071113)
D, [2015-10-26T08:17:37.232997 #9825] DEBUG -- :   [1m[35m (0.1ms)[0m  begin transaction
D, [2015-10-26T08:17:37.233793 #9825] DEBUG -- :   [1m[36m (0.3ms)[0m  [1mALTER TABLE "blogs" ADD "user_id" integer[0m
D, [2015-10-26T08:17:37.234924 #9825] DEBUG -- :   [1m[35mSQL (0.1ms)[0m  INSERT INTO "schema_migrations" ("version") VALUES (?)  [["version", "20151023071113"]]
D, [2015-10-26T08:17:37.236255 #9825] DEBUG -- :   [1m[36m (1.1ms)[0m  [1mcommit transaction[0m
I, [2015-10-26T08:17:37.236326 #9825]  INFO -- : Migrating to AddUserIdToComment (20151023074206)
D, [2015-10-26T08:17:37.236791 #9825] DEBUG -- :   [1m[35m (0.1ms)[0m  begin transaction
D, [2015-10-26T08:17:37.237510 #9825] DEBUG -- :   [1m[36m (0.3ms)[0m  [1mALTER TABLE "comments" ADD "user_id" integer[0m
D, [2015-10-26T08:17:37.238568 #9825] DEBUG -- :   [1m[35mSQL (0.2ms)[0m  INSERT INTO "schema_migrations" ("version") VALUES (?)  [["version", "20151023074206"]]
D, [2015-10-26T08:17:37.239689 #9825] DEBUG -- :   [1m[36m (0.9ms)[0m  [1mcommit transaction[0m
I, [2015-10-26T08:17:37.239754 #9825]  INFO -- : Migrating to AddCommentsCountToBlog (20151023081234)
D, [2015-10-26T08:17:37.240217 #9825] DEBUG -- :   [1m[35m (0.1ms)[0m  begin transaction
D, [2015-10-26T08:17:37.241008 #9825] DEBUG -- :   [1m[36m (0.3ms)[0m  [1mALTER TABLE "blogs" ADD "comments_count" integer DEFAULT 0[0m
D, [2015-10-26T08:17:37.242022 #9825] DEBUG -- :   [1m[35mSQL (0.1ms)[0m  INSERT INTO "schema_migrations" ("version") VALUES (?)  [["version", "20151023081234"]]
D, [2015-10-26T08:17:37.243406 #9825] DEBUG -- :   [1m[36m (1.2ms)[0m  [1mcommit transaction[0m
